<?xml version="1.0" encoding="UTF-8"?>
<testsuite xmlns:xsi="http://www.w3.org/2001/XMLSchema-instance" xsi:noNamespaceSchemaLocation="https://maven.apache.org/surefire/maven-surefire-plugin/xsd/surefire-test-report.xsd" name="owl.cs.OntoMobile.AppTest" time="0.06" tests="1" errors="0" skipped="0" failures="0">
  <properties>
    <property name="sun.desktop" value="windows"/>
    <property name="awt.toolkit" value="sun.awt.windows.WToolkit"/>
    <property name="file.encoding.pkg" value="sun.io"/>
    <property name="java.specification.version" value="1.8"/>
    <property name="sun.cpu.isalist" value="amd64"/>
    <property name="sun.jnu.encoding" value="Cp1252"/>
    <property name="java.class.path" value="C:\Users\ur13\Documents\Work\FYP\OntoMobile\target\test-classes;C:\Users\ur13\Documents\Work\FYP\OntoMobile\target\classes;C:\Users\ur13\.m2\repository\junit\junit\4.11\junit-4.11.jar;C:\Users\ur13\.m2\repository\org\hamcrest\hamcrest-core\1.3\hamcrest-core-1.3.jar;C:\Users\ur13\.m2\repository\net\sourceforge\owlapi\owlapi-distribution\5.0.0\owlapi-distribution-5.0.0.jar;C:\Users\ur13\.m2\repository\com\fasterxml\jackson\core\jackson-core\2.6.3\jackson-core-2.6.3.jar;C:\Users\ur13\.m2\repository\com\fasterxml\jackson\core\jackson-databind\2.6.3\jackson-databind-2.6.3.jar;C:\Users\ur13\.m2\repository\com\fasterxml\jackson\core\jackson-annotations\2.6.3\jackson-annotations-2.6.3.jar;C:\Users\ur13\.m2\repository\net\sourceforge\owlapi\owlapi-compatibility\5.0.0\owlapi-compatibility-5.0.0.jar;C:\Users\ur13\.m2\repository\net\sourceforge\owlapi\owlapi-apibinding\5.0.0\owlapi-apibinding-5.0.0.jar;C:\Users\ur13\.m2\repository\net\sourceforge\owlapi\owlapi-api\5.0.0\owlapi-api-5.0.0.jar;C:\Users\ur13\.m2\repository\net\sourceforge\owlapi\owlapi-impl\5.0.0\owlapi-impl-5.0.0.jar;C:\Users\ur13\.m2\repository\net\sourceforge\owlapi\owlapi-parsers\5.0.0\owlapi-parsers-5.0.0.jar;C:\Users\ur13\.m2\repository\net\sourceforge\owlapi\owlapi-oboformat\5.0.0\owlapi-oboformat-5.0.0.jar;C:\Users\ur13\.m2\repository\net\sourceforge\owlapi\owlapi-tools\5.0.0\owlapi-tools-5.0.0.jar;C:\Users\ur13\.m2\repository\net\sourceforge\owlapi\owlapi-fixers\5.0.0\owlapi-fixers-5.0.0.jar;C:\Users\ur13\.m2\repository\net\sourceforge\owlapi\owlapi-rio\5.0.0\owlapi-rio-5.0.0.jar;C:\Users\ur13\.m2\repository\org\openrdf\sesame\sesame-rio-jsonld\4.0.2\sesame-rio-jsonld-4.0.2.jar;C:\Users\ur13\.m2\repository\org\apache\commons\commons-rdf-api\0.1.0-incubating\commons-rdf-api-0.1.0-incubating.jar;C:\Users\ur13\.m2\repository\org\tukaani\xz\1.5\xz-1.5.jar;C:\Users\ur13\.m2\repository\org\openrdf\sesame\sesame-model\4.0.2\sesame-model-4.0.2.jar;C:\Users\ur13\.m2\repository\org\openrdf\sesame\sesame-util\4.0.2\sesame-util-4.0.2.jar;C:\Users\ur13\.m2\repository\org\openrdf\sesame\sesame-rio-api\4.0.2\sesame-rio-api-4.0.2.jar;C:\Users\ur13\.m2\repository\org\openrdf\sesame\sesame-rio-languages\4.0.2\sesame-rio-languages-4.0.2.jar;C:\Users\ur13\.m2\repository\org\openrdf\sesame\sesame-rio-datatypes\4.0.2\sesame-rio-datatypes-4.0.2.jar;C:\Users\ur13\.m2\repository\org\openrdf\sesame\sesame-rio-binary\4.0.2\sesame-rio-binary-4.0.2.jar;C:\Users\ur13\.m2\repository\org\openrdf\sesame\sesame-rio-n3\4.0.2\sesame-rio-n3-4.0.2.jar;C:\Users\ur13\.m2\repository\org\openrdf\sesame\sesame-rio-nquads\4.0.2\sesame-rio-nquads-4.0.2.jar;C:\Users\ur13\.m2\repository\org\openrdf\sesame\sesame-rio-ntriples\4.0.2\sesame-rio-ntriples-4.0.2.jar;C:\Users\ur13\.m2\repository\org\openrdf\sesame\sesame-rio-rdfjson\4.0.2\sesame-rio-rdfjson-4.0.2.jar;C:\Users\ur13\.m2\repository\org\openrdf\sesame\sesame-rio-rdfxml\4.0.2\sesame-rio-rdfxml-4.0.2.jar;C:\Users\ur13\.m2\repository\org\openrdf\sesame\sesame-rio-trix\4.0.2\sesame-rio-trix-4.0.2.jar;C:\Users\ur13\.m2\repository\org\openrdf\sesame\sesame-rio-turtle\4.0.2\sesame-rio-turtle-4.0.2.jar;C:\Users\ur13\.m2\repository\org\openrdf\sesame\sesame-rio-trig\4.0.2\sesame-rio-trig-4.0.2.jar;C:\Users\ur13\.m2\repository\com\github\jsonld-java\jsonld-java\0.8.0\jsonld-java-0.8.0.jar;C:\Users\ur13\.m2\repository\org\apache\httpcomponents\httpclient-osgi\4.5.1\httpclient-osgi-4.5.1.jar;C:\Users\ur13\.m2\repository\org\apache\httpcomponents\httpclient\4.5.1\httpclient-4.5.1.jar;C:\Users\ur13\.m2\repository\commons-codec\commons-codec\1.9\commons-codec-1.9.jar;C:\Users\ur13\.m2\repository\org\apache\httpcomponents\httpmime\4.5.1\httpmime-4.5.1.jar;C:\Users\ur13\.m2\repository\org\apache\httpcomponents\httpclient-cache\4.5.1\httpclient-cache-4.5.1.jar;C:\Users\ur13\.m2\repository\org\apache\httpcomponents\fluent-hc\4.5.1\fluent-hc-4.5.1.jar;C:\Users\ur13\.m2\repository\org\apache\httpcomponents\httpcore-osgi\4.4.4\httpcore-osgi-4.4.4.jar;C:\Users\ur13\.m2\repository\org\apache\httpcomponents\httpcore\4.4.4\httpcore-4.4.4.jar;C:\Users\ur13\.m2\repository\org\apache\httpcomponents\httpcore-nio\4.4.4\httpcore-nio-4.4.4.jar;C:\Users\ur13\.m2\repository\org\slf4j\jcl-over-slf4j\1.7.13\jcl-over-slf4j-1.7.13.jar;C:\Users\ur13\.m2\repository\org\semarglproject\semargl-sesame\0.6.1\semargl-sesame-0.6.1.jar;C:\Users\ur13\.m2\repository\org\semarglproject\semargl-core\0.6.1\semargl-core-0.6.1.jar;C:\Users\ur13\.m2\repository\org\semarglproject\semargl-rdfa\0.6.1\semargl-rdfa-0.6.1.jar;C:\Users\ur13\.m2\repository\org\semarglproject\semargl-rdf\0.6.1\semargl-rdf-0.6.1.jar;C:\Users\ur13\.m2\repository\net\sf\trove4j\trove4j\3.0.3\trove4j-3.0.3.jar;C:\Users\ur13\.m2\repository\com\github\ben-manes\caffeine\caffeine\2.1.0\caffeine-2.1.0.jar;C:\Users\ur13\.m2\repository\com\google\guava\guava\19.0\guava-19.0.jar;C:\Users\ur13\.m2\repository\com\google\inject\guice\4.0\guice-4.0.jar;C:\Users\ur13\.m2\repository\javax\inject\javax.inject\1\javax.inject-1.jar;C:\Users\ur13\.m2\repository\aopalliance\aopalliance\1.0\aopalliance-1.0.jar;C:\Users\ur13\.m2\repository\com\google\inject\extensions\guice-assistedinject\4.0\guice-assistedinject-4.0.jar;C:\Users\ur13\.m2\repository\com\google\inject\extensions\guice-multibindings\4.0\guice-multibindings-4.0.jar;C:\Users\ur13\.m2\repository\com\google\code\findbugs\jsr305\2.0.1\jsr305-2.0.1.jar;C:\Users\ur13\.m2\repository\org\slf4j\slf4j-api\1.7.14\slf4j-api-1.7.14.jar;C:\Users\ur13\.m2\repository\commons-io\commons-io\2.4\commons-io-2.4.jar;"/>
    <property name="java.vm.vendor" value="Oracle Corporation"/>
    <property name="sun.arch.data.model" value="64"/>
    <property name="user.variant" value=""/>
    <property name="java.vendor.url" value="http://java.oracle.com/"/>
    <property name="user.timezone" value="Europe/London"/>
    <property name="java.vm.specification.version" value="1.8"/>
    <property name="os.name" value="Windows 10"/>
    <property name="user.country" value="GB"/>
    <property name="sun.java.launcher" value="SUN_STANDARD"/>
    <property name="sun.boot.library.path" value="C:\ProgramData\App-V\00B08E1C-11A7-4A6A-966F-16F47C88177B\903DBFB5-B522-4D9D-BDF6-39C7D6483333\Root\VFS\ProgramFilesX64\Eclipse 4.7 Oxygen\eclipse\JRE\jre\bin"/>
    <property name="sun.java.command" value="C:\Users\ur13\AppData\Local\Temp\surefire5380670883621721881\surefirebooter2607261590195132538.jar C:\Users\ur13\AppData\Local\Temp\surefire5380670883621721881 2019-11-04T16-39-34_966-jvmRun1 surefire2301324394625961171tmp surefire_04830252844544606265tmp"/>
    <property name="surefire.test.class.path" value="C:\Users\ur13\Documents\Work\FYP\OntoMobile\target\test-classes;C:\Users\ur13\Documents\Work\FYP\OntoMobile\target\classes;C:\Users\ur13\.m2\repository\junit\junit\4.11\junit-4.11.jar;C:\Users\ur13\.m2\repository\org\hamcrest\hamcrest-core\1.3\hamcrest-core-1.3.jar;C:\Users\ur13\.m2\repository\net\sourceforge\owlapi\owlapi-distribution\5.0.0\owlapi-distribution-5.0.0.jar;C:\Users\ur13\.m2\repository\com\fasterxml\jackson\core\jackson-core\2.6.3\jackson-core-2.6.3.jar;C:\Users\ur13\.m2\repository\com\fasterxml\jackson\core\jackson-databind\2.6.3\jackson-databind-2.6.3.jar;C:\Users\ur13\.m2\repository\com\fasterxml\jackson\core\jackson-annotations\2.6.3\jackson-annotations-2.6.3.jar;C:\Users\ur13\.m2\repository\net\sourceforge\owlapi\owlapi-compatibility\5.0.0\owlapi-compatibility-5.0.0.jar;C:\Users\ur13\.m2\repository\net\sourceforge\owlapi\owlapi-apibinding\5.0.0\owlapi-apibinding-5.0.0.jar;C:\Users\ur13\.m2\repository\net\sourceforge\owlapi\owlapi-api\5.0.0\owlapi-api-5.0.0.jar;C:\Users\ur13\.m2\repository\net\sourceforge\owlapi\owlapi-impl\5.0.0\owlapi-impl-5.0.0.jar;C:\Users\ur13\.m2\repository\net\sourceforge\owlapi\owlapi-parsers\5.0.0\owlapi-parsers-5.0.0.jar;C:\Users\ur13\.m2\repository\net\sourceforge\owlapi\owlapi-oboformat\5.0.0\owlapi-oboformat-5.0.0.jar;C:\Users\ur13\.m2\repository\net\sourceforge\owlapi\owlapi-tools\5.0.0\owlapi-tools-5.0.0.jar;C:\Users\ur13\.m2\repository\net\sourceforge\owlapi\owlapi-fixers\5.0.0\owlapi-fixers-5.0.0.jar;C:\Users\ur13\.m2\repository\net\sourceforge\owlapi\owlapi-rio\5.0.0\owlapi-rio-5.0.0.jar;C:\Users\ur13\.m2\repository\org\openrdf\sesame\sesame-rio-jsonld\4.0.2\sesame-rio-jsonld-4.0.2.jar;C:\Users\ur13\.m2\repository\org\apache\commons\commons-rdf-api\0.1.0-incubating\commons-rdf-api-0.1.0-incubating.jar;C:\Users\ur13\.m2\repository\org\tukaani\xz\1.5\xz-1.5.jar;C:\Users\ur13\.m2\repository\org\openrdf\sesame\sesame-model\4.0.2\sesame-model-4.0.2.jar;C:\Users\ur13\.m2\repository\org\openrdf\sesame\sesame-util\4.0.2\sesame-util-4.0.2.jar;C:\Users\ur13\.m2\repository\org\openrdf\sesame\sesame-rio-api\4.0.2\sesame-rio-api-4.0.2.jar;C:\Users\ur13\.m2\repository\org\openrdf\sesame\sesame-rio-languages\4.0.2\sesame-rio-languages-4.0.2.jar;C:\Users\ur13\.m2\repository\org\openrdf\sesame\sesame-rio-datatypes\4.0.2\sesame-rio-datatypes-4.0.2.jar;C:\Users\ur13\.m2\repository\org\openrdf\sesame\sesame-rio-binary\4.0.2\sesame-rio-binary-4.0.2.jar;C:\Users\ur13\.m2\repository\org\openrdf\sesame\sesame-rio-n3\4.0.2\sesame-rio-n3-4.0.2.jar;C:\Users\ur13\.m2\repository\org\openrdf\sesame\sesame-rio-nquads\4.0.2\sesame-rio-nquads-4.0.2.jar;C:\Users\ur13\.m2\repository\org\openrdf\sesame\sesame-rio-ntriples\4.0.2\sesame-rio-ntriples-4.0.2.jar;C:\Users\ur13\.m2\repository\org\openrdf\sesame\sesame-rio-rdfjson\4.0.2\sesame-rio-rdfjson-4.0.2.jar;C:\Users\ur13\.m2\repository\org\openrdf\sesame\sesame-rio-rdfxml\4.0.2\sesame-rio-rdfxml-4.0.2.jar;C:\Users\ur13\.m2\repository\org\openrdf\sesame\sesame-rio-trix\4.0.2\sesame-rio-trix-4.0.2.jar;C:\Users\ur13\.m2\repository\org\openrdf\sesame\sesame-rio-turtle\4.0.2\sesame-rio-turtle-4.0.2.jar;C:\Users\ur13\.m2\repository\org\openrdf\sesame\sesame-rio-trig\4.0.2\sesame-rio-trig-4.0.2.jar;C:\Users\ur13\.m2\repository\com\github\jsonld-java\jsonld-java\0.8.0\jsonld-java-0.8.0.jar;C:\Users\ur13\.m2\repository\org\apache\httpcomponents\httpclient-osgi\4.5.1\httpclient-osgi-4.5.1.jar;C:\Users\ur13\.m2\repository\org\apache\httpcomponents\httpclient\4.5.1\httpclient-4.5.1.jar;C:\Users\ur13\.m2\repository\commons-codec\commons-codec\1.9\commons-codec-1.9.jar;C:\Users\ur13\.m2\repository\org\apache\httpcomponents\httpmime\4.5.1\httpmime-4.5.1.jar;C:\Users\ur13\.m2\repository\org\apache\httpcomponents\httpclient-cache\4.5.1\httpclient-cache-4.5.1.jar;C:\Users\ur13\.m2\repository\org\apache\httpcomponents\fluent-hc\4.5.1\fluent-hc-4.5.1.jar;C:\Users\ur13\.m2\repository\org\apache\httpcomponents\httpcore-osgi\4.4.4\httpcore-osgi-4.4.4.jar;C:\Users\ur13\.m2\repository\org\apache\httpcomponents\httpcore\4.4.4\httpcore-4.4.4.jar;C:\Users\ur13\.m2\repository\org\apache\httpcomponents\httpcore-nio\4.4.4\httpcore-nio-4.4.4.jar;C:\Users\ur13\.m2\repository\org\slf4j\jcl-over-slf4j\1.7.13\jcl-over-slf4j-1.7.13.jar;C:\Users\ur13\.m2\repository\org\semarglproject\semargl-sesame\0.6.1\semargl-sesame-0.6.1.jar;C:\Users\ur13\.m2\repository\org\semarglproject\semargl-core\0.6.1\semargl-core-0.6.1.jar;C:\Users\ur13\.m2\repository\org\semarglproject\semargl-rdfa\0.6.1\semargl-rdfa-0.6.1.jar;C:\Users\ur13\.m2\repository\org\semarglproject\semargl-rdf\0.6.1\semargl-rdf-0.6.1.jar;C:\Users\ur13\.m2\repository\net\sf\trove4j\trove4j\3.0.3\trove4j-3.0.3.jar;C:\Users\ur13\.m2\repository\com\github\ben-manes\caffeine\caffeine\2.1.0\caffeine-2.1.0.jar;C:\Users\ur13\.m2\repository\com\google\guava\guava\19.0\guava-19.0.jar;C:\Users\ur13\.m2\repository\com\google\inject\guice\4.0\guice-4.0.jar;C:\Users\ur13\.m2\repository\javax\inject\javax.inject\1\javax.inject-1.jar;C:\Users\ur13\.m2\repository\aopalliance\aopalliance\1.0\aopalliance-1.0.jar;C:\Users\ur13\.m2\repository\com\google\inject\extensions\guice-assistedinject\4.0\guice-assistedinject-4.0.jar;C:\Users\ur13\.m2\repository\com\google\inject\extensions\guice-multibindings\4.0\guice-multibindings-4.0.jar;C:\Users\ur13\.m2\repository\com\google\code\findbugs\jsr305\2.0.1\jsr305-2.0.1.jar;C:\Users\ur13\.m2\repository\org\slf4j\slf4j-api\1.7.14\slf4j-api-1.7.14.jar;C:\Users\ur13\.m2\repository\commons-io\commons-io\2.4\commons-io-2.4.jar;"/>
    <property name="sun.cpu.endian" value="little"/>
    <property name="user.home" value="C:\Users\ur13"/>
    <property name="user.language" value="en"/>
    <property name="java.specification.vendor" value="Oracle Corporation"/>
    <property name="java.home" value="C:\ProgramData\App-V\00B08E1C-11A7-4A6A-966F-16F47C88177B\903DBFB5-B522-4D9D-BDF6-39C7D6483333\Root\VFS\ProgramFilesX64\Eclipse 4.7 Oxygen\eclipse\JRE\jre"/>
    <property name="basedir" value="C:\Users\ur13\Documents\Work\FYP\OntoMobile"/>
    <property name="file.separator" value="\"/>
    <property name="line.separator" value="&#10;"/>
    <property name="java.vm.specification.vendor" value="Oracle Corporation"/>
    <property name="java.specification.name" value="Java Platform API Specification"/>
    <property name="java.awt.graphicsenv" value="sun.awt.Win32GraphicsEnvironment"/>
    <property name="surefire.real.class.path" value="C:\Users\ur13\AppData\Local\Temp\surefire5380670883621721881\surefirebooter2607261590195132538.jar"/>
    <property name="sun.boot.class.path" value="C:\ProgramData\App-V\00B08E1C-11A7-4A6A-966F-16F47C88177B\903DBFB5-B522-4D9D-BDF6-39C7D6483333\Root\VFS\ProgramFilesX64\Eclipse 4.7 Oxygen\eclipse\JRE\jre\lib\resources.jar;C:\ProgramData\App-V\00B08E1C-11A7-4A6A-966F-16F47C88177B\903DBFB5-B522-4D9D-BDF6-39C7D6483333\Root\VFS\ProgramFilesX64\Eclipse 4.7 Oxygen\eclipse\JRE\jre\lib\rt.jar;C:\ProgramData\App-V\00B08E1C-11A7-4A6A-966F-16F47C88177B\903DBFB5-B522-4D9D-BDF6-39C7D6483333\Root\VFS\ProgramFilesX64\Eclipse 4.7 Oxygen\eclipse\JRE\jre\lib\sunrsasign.jar;C:\ProgramData\App-V\00B08E1C-11A7-4A6A-966F-16F47C88177B\903DBFB5-B522-4D9D-BDF6-39C7D6483333\Root\VFS\ProgramFilesX64\Eclipse 4.7 Oxygen\eclipse\JRE\jre\lib\jsse.jar;C:\ProgramData\App-V\00B08E1C-11A7-4A6A-966F-16F47C88177B\903DBFB5-B522-4D9D-BDF6-39C7D6483333\Root\VFS\ProgramFilesX64\Eclipse 4.7 Oxygen\eclipse\JRE\jre\lib\jce.jar;C:\ProgramData\App-V\00B08E1C-11A7-4A6A-966F-16F47C88177B\903DBFB5-B522-4D9D-BDF6-39C7D6483333\Root\VFS\ProgramFilesX64\Eclipse 4.7 Oxygen\eclipse\JRE\jre\lib\charsets.jar;C:\ProgramData\App-V\00B08E1C-11A7-4A6A-966F-16F47C88177B\903DBFB5-B522-4D9D-BDF6-39C7D6483333\Root\VFS\ProgramFilesX64\Eclipse 4.7 Oxygen\eclipse\JRE\jre\lib\jfr.jar;C:\ProgramData\App-V\00B08E1C-11A7-4A6A-966F-16F47C88177B\903DBFB5-B522-4D9D-BDF6-39C7D6483333\Root\VFS\ProgramFilesX64\Eclipse 4.7 Oxygen\eclipse\JRE\jre\classes"/>
    <property name="user.script" value=""/>
    <property name="sun.management.compiler" value="HotSpot 64-Bit Tiered Compilers"/>
    <property name="java.runtime.version" value="1.8.0_141-b15"/>
    <property name="user.name" value="ur13"/>
    <property name="path.separator" value=";"/>
    <property name="os.version" value="10.0"/>
    <property name="java.endorsed.dirs" value="C:\ProgramData\App-V\00B08E1C-11A7-4A6A-966F-16F47C88177B\903DBFB5-B522-4D9D-BDF6-39C7D6483333\Root\VFS\ProgramFilesX64\Eclipse 4.7 Oxygen\eclipse\JRE\jre\lib\endorsed"/>
    <property name="java.runtime.name" value="Java(TM) SE Runtime Environment"/>
    <property name="file.encoding" value="Cp1252"/>
    <property name="java.vm.name" value="Java HotSpot(TM) 64-Bit Server VM"/>
    <property name="localRepository" value="C:\Users\ur13\.m2\repository"/>
    <property name="java.vendor.url.bug" value="http://bugreport.sun.com/bugreport/"/>
    <property name="java.io.tmpdir" value="C:\Users\ur13\AppData\Local\Temp\"/>
    <property name="java.version" value="1.8.0_141"/>
    <property name="user.dir" value="C:\Users\ur13\Documents\Work\FYP\OntoMobile"/>
    <property name="os.arch" value="amd64"/>
    <property name="java.vm.specification.name" value="Java Virtual Machine Specification"/>
    <property name="java.awt.printerjob" value="sun.awt.windows.WPrinterJob"/>
    <property name="sun.os.patch.level" value=""/>
    <property name="java.library.path" value="C:\ProgramData\App-V\00B08E1C-11A7-4A6A-966F-16F47C88177B\903DBFB5-B522-4D9D-BDF6-39C7D6483333\Root\VFS\ProgramFilesX64\Eclipse 4.7 Oxygen\eclipse\JRE\jre\bin;C:\WINDOWS\Sun\Java\bin;C:\WINDOWS\system32;C:\WINDOWS;C:/Users/ur13/AppData/Local/Microsoft/AppV/Client/Integration/00B08E1C-11A7-4A6A-966F-16F47C88177B/Root/VFS/ProgramFilesX64/Eclipse 4.7 Oxygen/eclipse/jre/bin/../jre/bin/server;C:/Users/ur13/AppData/Local/Microsoft/AppV/Client/Integration/00B08E1C-11A7-4A6A-966F-16F47C88177B/Root/VFS/ProgramFilesX64/Eclipse 4.7 Oxygen/eclipse/jre/bin/../jre/bin;C:/Users/ur13/AppData/Local/Microsoft/AppV/Client/Integration/00B08E1C-11A7-4A6A-966F-16F47C88177B/Root/VFS/ProgramFilesX64/Eclipse 4.7 Oxygen/eclipse/jre/bin/../jre/lib/amd64;C:\Program Files (x86)\Common Files\Oracle\Java\javapath;C:\Program Files (x86)\Intel\iCLS Client\;C:\Program Files\Intel\iCLS Client\;C:\WINDOWS\system32;C:\WINDOWS;C:\WINDOWS\System32\Wbem;C:\WINDOWS\System32\WindowsPowerShell\v1.0\;C:\Program Files (x86)\Intel\Intel(R) Management Engine Components\DAL;C:\Program Files\Intel\Intel(R) Management Engine Components\DAL;C:\Program Files (x86)\Intel\Intel(R) Management Engine Components\IPT;C:\Program Files\Intel\Intel(R) Management Engine Components\IPT;C:\Program Files\dotnet\;C:\Program Files\Microsoft SQL Server\130\Tools\Binn\;C:\Program Files\TortoiseGit\bin;C:\Program Files (x86)\Microsoft SQL Server\Client SDK\ODBC\130\Tools\Binn\;C:\Program Files (x86)\Microsoft SQL Server\140\Tools\Binn\;C:\Program Files (x86)\Microsoft SQL Server\140\DTS\Binn\;C:\Program Files (x86)\Microsoft SQL Server\140\Tools\Binn\ManagementStudio\;C:\Program Files\TortoiseSVN\bin;C:\ProgramData\Applications\nodejs;&quot;C:\Users\ur13\AppData\Local\Programs\Git\cmd;&quot;;&quot;C:\Users\ur13\AppData\Local\Programs\Git\bin;&quot;;C:\Users\ur13\AppData\Local\Programs\Git\cmd;C:\Program Files\Eclipse 4.7 Oxygen\eclipse;;."/>
    <property name="java.vm.info" value="mixed mode"/>
    <property name="java.vendor" value="Oracle Corporation"/>
    <property name="java.vm.version" value="25.141-b15"/>
    <property name="java.ext.dirs" value="C:\ProgramData\App-V\00B08E1C-11A7-4A6A-966F-16F47C88177B\903DBFB5-B522-4D9D-BDF6-39C7D6483333\Root\VFS\ProgramFilesX64\Eclipse 4.7 Oxygen\eclipse\JRE\jre\lib\ext;C:\WINDOWS\Sun\Java\lib\ext"/>
    <property name="sun.io.unicode.encoding" value="UnicodeLittle"/>
    <property name="java.class.version" value="52.0"/>
  </properties>
  <testcase name="shouldAnswerWithTrue" classname="owl.cs.OntoMobile.AppTest" time="0.002"/>
</testsuite>